<?xml version="1.0" encoding="UTF-8"?>
<testsuite name="ResistorColorDuoTest" tests="5" skipped="0" failures="0" errors="0" timestamp="2020-02-17T11:36:37" hostname="LPT-FA4562" time="0.037">
  <properties/>
  <testcase name="testBrownAndBlack" classname="ResistorColorDuoTest" time="0.029"/>
  <testcase name="testBlueAndGrey" classname="ResistorColorDuoTest" time="0.003"/>
  <testcase name="testOrangeAndOrange" classname="ResistorColorDuoTest" time="0.0"/>
  <testcase name="testYellowAndViolet" classname="ResistorColorDuoTest" time="0.002"/>
  <testcase name="testIgnoreAdditionalColors" classname="ResistorColorDuoTest" time="0.0"/>
  <system-out><![CDATA[]]></system-out>
  <system-err><![CDATA[]]></system-err>
</testsuite>
