<?xml version="1.0" encoding="UTF-8"?>
<testsuite name="AcronymTest" tests="9" skipped="0" failures="0" errors="0" timestamp="2020-02-19T16:11:01" hostname="LPT-FA4562" time="0.051">
  <properties/>
  <testcase name="underscoreEmphasis" classname="AcronymTest" time="0.044"/>
  <testcase name="lowercaseWords" classname="AcronymTest" time="0.0"/>
  <testcase name="apostrophes" classname="AcronymTest" time="0.001"/>
  <testcase name="basic" classname="AcronymTest" time="0.0"/>
  <testcase name="veryLongAbbreviation" classname="AcronymTest" time="0.001"/>
  <testcase name="nonAcronymAllCapsWord" classname="AcronymTest" time="0.001"/>
  <testcase name="consecutiveDelimiters" classname="AcronymTest" time="0.001"/>
  <testcase name="punctuationWithoutWhitespace" classname="AcronymTest" time="0.0"/>
  <testcase name="punctuation" classname="AcronymTest" time="0.002"/>
  <system-out><![CDATA[TRNT
ROR
HC
PNG
ROTFLSHTMDCOALM
GIMP
SIMUFTA
CMOS
FIFO
]]></system-out>
  <system-err><![CDATA[]]></system-err>
</testsuite>
